<?xml version="1.0" encoding="UTF-8"?>
<!-- Generated by org.testng.reporters.JUnitXMLReporter -->
<testsuite ignored="2" hostname="localhost" failures="0" tests="2" name="My Sample Test" time="0.047" errors="0" timestamp="2022-07-05T08:32:23 IST">
  <testcase classname="TestNGAnnotations.ContactsTest" name="createContactsTest" time="0.004"/>
  <testcase classname="TestNGAnnotations.HomeTest" name="header" time="0.001"/>
  <testcase classname="TestNGAnnotations.BaseTest" name="@AfterTest tearDown" time="0.0">
    <ignored/>
  </testcase> <!-- @AfterTest tearDown -->
  <testcase classname="TestNGAnnotations.BaseTest" name="@BeforeTest setup" time="0.0">
    <ignored/>
  </testcase> <!-- @BeforeTest setup -->
</testsuite> <!-- My Sample Test -->
