<?xml version="1.0" encoding="UTF-8"?>
<testng-results ignored="4" total="8" passed="4" failed="0" skipped="0">
  <reporter-output>
  </reporter-output>
  <suite started-at="2022-07-09T11:59:33 IST" name="My Sample Test Suite" finished-at="2022-07-09T12:01:00 IST" duration-ms="86867">
    <groups>
    </groups>
    <test started-at="2022-07-09T11:59:33 IST" name="My Sample App Test -Chrome" finished-at="2022-07-09T11:59:38 IST" duration-ms="4547">
      <class name="TestNGAnnotations.HomeTest">
        <test-method signature="header()[pri:0, instance:TestNGAnnotations.HomeTest@1b1426f4]" started-at="2022-07-09T11:59:37 IST" name="header" finished-at="2022-07-09T11:59:37 IST" duration-ms="3" status="PASS">
          <reporter-output>
          </reporter-output>
        </test-method> <!-- header -->
      </class> <!-- TestNGAnnotations.HomeTest -->
      <class name="TestNGAnnotations.ContactsTest">
        <test-method is-config="true" signature="setup(java.lang.String,java.lang.String,java.lang.String)[pri:0, instance:TestNGAnnotations.ContactsTest@3e84448c]" started-at="2022-07-09T11:59:33 IST" name="setup" finished-at="2022-07-09T11:59:37 IST" duration-ms="3563" status="PASS">
          <params>
            <param index="0">
              <value>
                <![CDATA[chrome]]>
              </value>
            </param>
            <param index="1">
              <value>
                <![CDATA[http://www.google.com]]>
              </value>
            </param>
            <param index="2">
              <value>
                <![CDATA[yes]]>
              </value>
            </param>
          </params>
          <reporter-output>
          </reporter-output>
        </test-method> <!-- setup -->
        <test-method signature="createContactsTest()[pri:0, instance:TestNGAnnotations.ContactsTest@3e84448c]" started-at="2022-07-09T11:59:37 IST" name="createContactsTest" finished-at="2022-07-09T11:59:37 IST" duration-ms="13" status="PASS">
          <reporter-output>
          </reporter-output>
        </test-method> <!-- createContactsTest -->
        <test-method is-config="true" signature="tearDown()[pri:0, instance:TestNGAnnotations.ContactsTest@3e84448c]" started-at="2022-07-09T11:59:37 IST" name="tearDown" finished-at="2022-07-09T11:59:38 IST" duration-ms="899" status="PASS">
          <reporter-output>
          </reporter-output>
        </test-method> <!-- tearDown -->
      </class> <!-- TestNGAnnotations.ContactsTest -->
    </test> <!-- My Sample App Test -Chrome -->
    <test started-at="2022-07-09T11:59:33 IST" name="My Sample App Test -FireFox" finished-at="2022-07-09T12:01:00 IST" duration-ms="86867">
      <class name="TestNGAnnotations.HomeTest">
        <test-method signature="header()[pri:0, instance:TestNGAnnotations.HomeTest@58d75e99]" started-at="2022-07-09T11:59:53 IST" name="header" finished-at="2022-07-09T11:59:53 IST" duration-ms="2" status="PASS">
          <reporter-output>
          </reporter-output>
        </test-method> <!-- header -->
      </class> <!-- TestNGAnnotations.HomeTest -->
      <class name="TestNGAnnotations.ContactsTest">
        <test-method is-config="true" signature="setup(java.lang.String,java.lang.String,java.lang.String)[pri:0, instance:TestNGAnnotations.ContactsTest@5ba3f27a]" started-at="2022-07-09T11:59:33 IST" name="setup" finished-at="2022-07-09T11:59:53 IST" duration-ms="19889" status="PASS">
          <params>
            <param index="0">
              <value>
                <![CDATA[firefox]]>
              </value>
            </param>
            <param index="1">
              <value>
                <![CDATA[http://www.google.com]]>
              </value>
            </param>
            <param index="2">
              <value>
                <![CDATA[yes]]>
              </value>
            </param>
          </params>
          <reporter-output>
          </reporter-output>
        </test-method> <!-- setup -->
        <test-method signature="createContactsTest()[pri:0, instance:TestNGAnnotations.ContactsTest@5ba3f27a]" started-at="2022-07-09T11:59:53 IST" name="createContactsTest" finished-at="2022-07-09T11:59:53 IST" duration-ms="1" status="PASS">
          <reporter-output>
          </reporter-output>
        </test-method> <!-- createContactsTest -->
        <test-method is-config="true" signature="tearDown()[pri:0, instance:TestNGAnnotations.ContactsTest@5ba3f27a]" started-at="2022-07-09T11:59:53 IST" name="tearDown" finished-at="2022-07-09T12:01:00 IST" duration-ms="66964" status="PASS">
          <reporter-output>
          </reporter-output>
        </test-method> <!-- tearDown -->
      </class> <!-- TestNGAnnotations.ContactsTest -->
    </test> <!-- My Sample App Test -FireFox -->
  </suite> <!-- My Sample Test Suite -->
</testng-results>
